
🔀 [1/3] Ejecutando scraper de Ahumada...
❌ Error en scraper de Ahumada:
C:\Users\conta\AppData\Local\Microsoft\WindowsApps\python3.exe: can't open file 'C:\\Users\\conta\\Documents\\GitHub\\PROGRA_PRO_CS\\Scrapers_MediSearch\\fast_scrapers\\ahumada_fast_scraper.py': [Errno 2] No such file or directory

⏳ Estimado restante: 0.2 seg (2 scraper(s) restantes)
[██████████░░░░░░░░░░░░░░░░░░░░] 33%

🔀 [2/3] Ejecutando scraper de Cruz Verde...
❌ Error en scraper de Cruz Verde:
C:\Users\conta\AppData\Local\Microsoft\WindowsApps\python3.exe: can't open file 'C:\\Users\\conta\\Documents\\GitHub\\PROGRA_PRO_CS\\Scrapers_MediSearch\\fast_scrapers\\cruzverde_fast_scraper.py': [Errno 2] No such file or directory

⏳ Estimado restante: 0.1 seg (1 scraper(s) restantes)
[████████████████████░░░░░░░░░░] 67%

🔀 [3/3] Ejecutando scraper de Salcobrand...
❌ Error en scraper de Salcobrand:
C:\Users\conta\AppData\Local\Microsoft\WindowsApps\python3.exe: can't open file 'C:\\Users\\conta\\Documents\\GitHub\\PROGRA_PRO_CS\\Scrapers_MediSearch\\fast_scrapers\\salcobrand_fast_scraper.py': [Errno 2] No such file or directory

[██████████████████████████████] 100%

🟢 Ejecutando InsertMedicines...
❌ Error ejecutando InsertMedicines:
[0m[1m[31merror[0m: Module not found "file:///C:/Users/conta/Documents/GitHub/PROGRA_PRO_CS/scraping_tasks/insertMedicines.ts".


🧹 Limpiando carpetas temporales...

🎉 Scrapeo e inserción completado en 0.4 segundos. Carpetas temporales eliminadas.
⚠️ Error al enviar correo de notificación:
TypeError: Deno.writeAll is not a function
